{"numTotalTestSuites":14,"numPassedTestSuites":14,"numFailedTestSuites":0,"numPendingTestSuites":0,"numTotalTests":38,"numPassedTests":38,"numFailedTests":0,"numPendingTests":0,"numTodoTests":0,"snapshot":{"added":0,"failure":false,"filesAdded":0,"filesRemoved":0,"filesRemovedList":[],"filesUnmatched":0,"filesUpdated":0,"matched":0,"total":0,"unchecked":0,"uncheckedKeysByFile":[],"unmatched":0,"updated":0,"didUpdate":false},"startTime":1789249208869,"success":true,"testResults":[{"assertionResults":[{"ancestorTitles":[],"fullName":"弹窗纯文本显示材料并支持关闭","status":"passed","title":"弹窗纯文本显示材料并支持关闭","duration":67.66229999999996,"failureMessages":[],"meta":{}}],"startTime":1789249212290,"endTime":1789249212357.6624,"status":"passed","message":"","name":"D:/共享桌面/A_work/A_work_auto_flow/automation/frontend/src/components.test.tsx"},{"assertionResults":[{"ancestorTitles":["关系选择与候选"],"fullName":"关系选择与候选 勾选单个或多个材料只展示其关联，清空后恢复全图","status":"passed","title":"勾选单个或多个材料只展示其关联，清空后恢复全图","duration":21.009900000000016,"failureMessages":[],"meta":{}},{"ancestorTitles":["关系选择与候选"],"fullName":"关系选择与候选 勾选根节点遵守跳数、排除和关系类型，不回退为全部材料","status":"passed","title":"勾选根节点遵守跳数、排除和关系类型，不回退为全部材料","duration":1.3159999999998035,"failureMessages":[],"meta":{}},{"ancestorTitles":["关系选择与候选"],"fullName":"关系选择与候选 折叠和展开保留底层事实，多重归属不会复制原节点","status":"passed","title":"折叠和展开保留底层事实，多重归属不会复制原节点","duration":2.0489000000002306,"failureMessages":[],"meta":{}},{"ancestorTitles":["关系选择与候选"],"fullName":"关系选择与候选 排除节点不会作为隐藏中介扩展，摘要只导出可见选择","status":"passed","title":"排除节点不会作为隐藏中介扩展，摘要只导出可见选择","duration":0.5727999999999156,"failureMessages":[],"meta":{}},{"ancestorTitles":["关系选择与候选"],"fullName":"关系选择与候选 反证保留在证据链，相似候选不作为证据链","status":"passed","title":"反证保留在证据链，相似候选不作为证据链","duration":0.37669999999980064,"failureMessages":[],"meta":{}},{"ancestorTitles":["关系选择与候选"],"fullName":"关系选择与候选 固定输入聚类可重复；主题归属不制造证据关系","status":"passed","title":"固定输入聚类可重复；主题归属不制造证据关系","duration":7.23739999999998,"failureMessages":[],"meta":{}},{"ancestorTitles":["关系选择与候选"],"fullName":"关系选择与候选 一万材料十万稀疏关系保持有界可见图","status":"passed","title":"一万材料十万稀疏关系保持有界可见图","duration":186.70979999999963,"failureMessages":[],"meta":{}}],"startTime":1789249212218,"endTime":1789249212437.7097,"status":"passed","message":"","name":"D:/共享桌面/A_work/A_work_auto_flow/automation/frontend/src/graph-model.test.ts"},{"assertionResults":[{"ancestorTitles":["维护任务包审查与提交"],"fullName":"维护任务包审查与提交 人工审查仅在实际填写并勾选后引用服务器交付材料","status":"passed","title":"人工审查仅在实际填写并勾选后引用服务器交付材料","duration":250.48019999999997,"failureMessages":[],"meta":{}},{"ancestorTitles":["维护任务包审查与提交"],"fullName":"维护任务包审查与提交 损坏回填JSON显示格式错误而不崩溃或丢弃输入","status":"passed","title":"损坏回填JSON显示格式错误而不崩溃或丢弃输入","duration":49.09400000000005,"failureMessages":[],"meta":{}},{"ancestorTitles":["维护任务包审查与提交"],"fullName":"维护任务包审查与提交 生成仅提供待审任务包，导出不伪造阅读或自动提交","status":"passed","title":"生成仅提供待审任务包，导出不伪造阅读或自动提交","duration":52.55040000000008,"failureMessages":[],"meta":{}},{"ancestorTitles":["维护任务包审查与提交"],"fullName":"维护任务包审查与提交 拒绝回填时保留草案并展示拒绝依据","status":"passed","title":"拒绝回填时保留草案并展示拒绝依据","duration":74.98670000000038,"failureMessages":[],"meta":{}},{"ancestorTitles":["维护任务包审查与提交"],"fullName":"维护任务包审查与提交 仅提交服务器审查摘要，不确定重试复用请求 ID","status":"passed","title":"仅提交服务器审查摘要，不确定重试复用请求 ID","duration":124.48350000000028,"failureMessages":[],"meta":{}},{"ancestorTitles":["维护任务包审查与提交"],"fullName":"维护任务包审查与提交 校验期间编辑的草案不会被迟到审查结果覆盖","status":"passed","title":"校验期间编辑的草案不会被迟到审查结果覆盖","duration":65.92830000000049,"failureMessages":[],"meta":{}},{"ancestorTitles":["维护任务包审查与提交"],"fullName":"维护任务包审查与提交 有效 partial 审查采用返回摘要，成功 partial 提交保留待办并关闭提交","status":"passed","title":"有效 partial 审查采用返回摘要，成功 partial 提交保留待办并关闭提交","duration":114.99419999999918,"failureMessages":[],"meta":{}},{"ancestorTitles":["维护任务包审查与提交"],"fullName":"维护任务包审查与提交 带错误码的 partial 审查保留草案且不开放提交","status":"passed","title":"带错误码的 partial 审查保留草案且不开放提交","duration":73.17749999999978,"failureMessages":[],"meta":{}},{"ancestorTitles":["维护任务包审查与提交"],"fullName":"维护任务包审查与提交 partial 提交错误保留已提交回执并以同一身份重试","status":"passed","title":"partial 提交错误保留已提交回执并以同一身份重试","duration":134.15290000000005,"failureMessages":[],"meta":{}}],"startTime":1789249212905,"endTime":1789249213846.1528,"status":"passed","message":"","name":"D:/共享桌面/A_work/A_work_auto_flow/automation/frontend/src/MaterialMaintenance.test.tsx"},{"assertionResults":[{"ancestorTitles":["材料查询固定范围与回执"],"fullName":"材料查询固定范围与回执 标准类型可单选多选，所有来源与旧版显式选择，默认预算五分钟","status":"passed","title":"标准类型可单选多选，所有来源与旧版显式选择，默认预算五分钟","duration":572.1326999999997,"failureMessages":[],"meta":{}},{"ancestorTitles":["材料查询固定范围与回执"],"fullName":"材料查询固定范围与回执 完整文稿按钮位于候选上方，后续失败清除旧正文并在右侧说明","status":"passed","title":"完整文稿按钮位于候选上方，后续失败清除旧正文并在右侧说明","duration":449.2492000000002,"failureMessages":[],"meta":{}},{"ancestorTitles":["材料查询固定范围与回执"],"fullName":"材料查询固定范围与回执 默认查概览与经验，展开沿用固定查询；取消树选择不扩大范围","status":"passed","title":"默认查概览与经验，展开沿用固定查询；取消树选择不扩大范围","duration":345.4865,"failureMessages":[],"meta":{}},{"ancestorTitles":["材料查询固定范围与回执"],"fullName":"材料查询固定范围与回执 显式区分空范围、全局范围和树中所选归属，不隐式扩大查询","status":"passed","title":"显式区分空范围、全局范围和树中所选归属，不隐式扩大查询","duration":294.53229999999985,"failureMessages":[],"meta":{}},{"ancestorTitles":["材料查询固定范围与回执"],"fullName":"材料查询固定范围与回执 候选选择传递查询摘要，材料包四区独立保留部分结果与缺口","status":"passed","title":"候选选择传递查询摘要，材料包四区独立保留部分结果与缺口","duration":298.3001000000004,"failureMessages":[],"meta":{}},{"ancestorTitles":["材料查询固定范围与回执"],"fullName":"材料查询固定范围与回执 条件改变后迟到的轮询不能覆盖新查询","status":"passed","title":"条件改变后迟到的轮询不能覆盖新查询","duration":184.99559999999929,"failureMessages":[],"meta":{}},{"ancestorTitles":["材料查询固定范围与回执"],"fullName":"材料查询固定范围与回执 HTTP 非成功仍保留材料拒绝、预算与固定依据","status":"passed","title":"HTTP 非成功仍保留材料拒绝、预算与固定依据","duration":0.46520000000055006,"failureMessages":[],"meta":{}},{"ancestorTitles":["材料查询固定范围与回执"],"fullName":"材料查询固定范围与回执 取消组装会取消同一固定查询并使迟到材料包失效","status":"passed","title":"取消组装会取消同一固定查询并使迟到材料包失效","duration":276.8622000000005,"failureMessages":[],"meta":{}}],"startTime":1789249212904,"endTime":1789249215325.8623,"status":"passed","message":"","name":"D:/共享桌面/A_work/A_work_auto_flow/automation/frontend/src/MaterialQuery.test.tsx"},{"assertionResults":[{"ancestorTitles":["C08 Python / frontend structural memory contract parity"],"fullName":"C08 Python / frontend structural memory contract parity 校验新增研究经过、经验分类、概览的完整正文与必需字段","status":"passed","title":"校验新增研究经过、经验分类、概览的完整正文与必需字段","duration":1615.0249000000003,"failureMessages":[],"meta":{}},{"ancestorTitles":["C08 Python / frontend structural memory contract parity"],"fullName":"C08 Python / frontend structural memory contract parity executes every registered kind and positive/negative variant in both runtimes","status":"passed","title":"executes every registered kind and positive/negative variant in both runtimes","duration":5992.991599999999,"failureMessages":[],"meta":{}},{"ancestorTitles":["C08 Python / frontend structural memory contract parity"],"fullName":"C08 Python / frontend structural memory contract parity rejects non-finite browser values before JSON can coerce them to null","status":"passed","title":"rejects non-finite browser values before JSON can coerce them to null","duration":0.7226000000009662,"failureMessages":[],"meta":{}}],"startTime":1789249212225,"endTime":1789249219834.7227,"status":"passed","message":"","name":"D:/共享桌面/A_work/A_work_auto_flow/automation/frontend/src/memory-contract.test.ts"},{"assertionResults":[{"ancestorTitles":["统一记忆层级入口"],"fullName":"统一记忆层级入口 每层只有一个筛选和新建入口，其他对象未迁移的内容仍可找到","status":"passed","title":"每层只有一个筛选和新建入口，其他对象未迁移的内容仍可找到","duration":422.8579999999997,"failureMessages":[],"meta":{}}],"startTime":1789249212926,"endTime":1789249213348.858,"status":"passed","message":"","name":"D:/共享桌面/A_work/A_work_auto_flow/automation/frontend/src/Memory.test.tsx"},{"assertionResults":[{"ancestorTitles":[],"fullName":"按对象读最新记录，打开原文后导出仍使用实际笔记快照版本","status":"passed","title":"按对象读最新记录，打开原文后导出仍使用实际笔记快照版本","duration":205.8675000000003,"failureMessages":[],"meta":{}},{"ancestorTitles":[],"fullName":"换对象或来源撤权时清除之前显示的笔记","status":"passed","title":"换对象或来源撤权时清除之前显示的笔记","duration":81.73040000000037,"failureMessages":[],"meta":{}},{"ancestorTitles":[],"fullName":"筛选后的空目录窗口仍能翻页，不报告全库无会话","status":"passed","title":"筛选后的空目录窗口仍能翻页，不报告全库无会话","duration":19.274500000000444,"failureMessages":[],"meta":{}}],"startTime":1789249212891,"endTime":1789249213198.2744,"status":"passed","message":"","name":"D:/共享桌面/A_work/A_work_auto_flow/automation/frontend/src/ReadingSessions.test.tsx"},{"assertionResults":[{"ancestorTitles":["研究报告的连续阅读与证据边界"],"fullName":"研究报告的连续阅读与证据边界 keeps delayed fixed images mounted across parent status refreshes","status":"passed","title":"keeps delayed fixed images mounted across parent status refreshes","duration":112.49530000000004,"failureMessages":[],"meta":{}},{"ancestorTitles":["研究报告的连续阅读与证据边界"],"fullName":"研究报告的连续阅读与证据边界 reads independent documents with selected unit blocks and chapter context","status":"passed","title":"reads independent documents with selected unit blocks and chapter context","duration":191.76779999999962,"failureMessages":[],"meta":{}},{"ancestorTitles":["研究报告的连续阅读与证据边界"],"fullName":"研究报告的连续阅读与证据边界 renders equations and tables without HTML execution or arbitrary images","status":"passed","title":"renders equations and tables without HTML execution or arbitrary images","duration":87.8764000000001,"failureMessages":[],"meta":{}},{"ancestorTitles":["研究报告的连续阅读与证据边界"],"fullName":"研究报告的连续阅读与证据边界 reads authored order once, embeds a controlled figure, and keeps metadata in the archive","status":"passed","title":"reads authored order once, embeds a controlled figure, and keeps metadata in the archive","duration":158.65720000000056,"failureMessages":[],"meta":{}},{"ancestorTitles":["研究报告的连续阅读与证据边界"],"fullName":"研究报告的连续阅读与证据边界 labels an uncomposed legacy object and appends its unplaced registered figure once","status":"passed","title":"labels an uncomposed legacy object and appends its unplaced registered figure once","duration":75.20679999999993,"failureMessages":[],"meta":{}},{"ancestorTitles":["研究报告的连续阅读与证据边界"],"fullName":"研究报告的连续阅读与证据边界 filters raw/legacy graph nodes before traversal; higher layers are opt-in","status":"passed","title":"filters raw/legacy graph nodes before traversal; higher layers are opt-in","duration":0.9393000000000029,"failureMessages":[],"meta":{}}],"startTime":1789249212891,"endTime":1789249213518.9392,"status":"passed","message":"","name":"D:/共享桌面/A_work/A_work_auto_flow/automation/frontend/src/ResearchDocument.test.tsx"}]}